<?xml version='1.0' encoding='UTF-8'?>
<hotspot_log version='160 1' process='18436' time_ms='1645874506812'>
<vm_version>
<name>
Java HotSpot(TM) 64-Bit Server VM
</name>
<release>
25.241-b07
</release>
<info>
Java HotSpot(TM) 64-Bit Server VM (25.241-b07) for windows-amd64 JRE (1.8.0_241-b07), built on Dec 11 2019 10:21:40 by &quot;rejava&quot; with MS VC++ 10.0 (VS2010)
</info>
</vm_version>
<vm_arguments>
<args>
-Xint -XX:+UnlockDiagnosticVMOptions -XX:+LogCompilation -XX:LogFile=JIT.log -XX:CompileCommandFile=C:\Users\DeltaV\AppData\Local\Temp\jmh3895975281690246343compilecommand 
</args>
<command>
org.openjdk.jmh.runner.ForkedMain 127.0.0.1 5701
</command>
<launcher>
SUN_STANDARD
</launcher>
<properties>
java.vm.specification.name=Java Virtual Machine Specification
java.vm.version=25.241-b07
java.vm.name=Java HotSpot(TM) 64-Bit Server VM
java.vm.info=interpreted mode, sharing
java.ext.dirs=C:\Program Files\Java\jdk1.8.0_241\jre\lib\ext;C:\WINDOWS\Sun\Java\lib\ext
java.endorsed.dirs=C:\Program Files\Java\jdk1.8.0_241\jre\lib\endorsed
sun.boot.library.path=C:\Program Files\Java\jdk1.8.0_241\jre\bin
java.library.path=C:\Program Files\Java\jdk1.8.0_241\jre\bin;C:\WINDOWS\Sun\Java\bin;C:\WINDOWS\system32;C:\WINDOWS;C:\Program Files\Common Files\Oracle\Java\javapath;D:\dev\oracle\app\DeltaV\product\11.2.0\dbhome_1\bin;C:\Program Files (x86)\Common Files\Oracle\Java\javapath;C:\Program Files (x86)\NetSarang\Xshell 6\;C:\WINDOWS\system32;C:\WINDOWS;C:\WINDOWS\System32\Wbem;C:\WINDOWS\System32\WindowsPowerShell\v1.0\;D:\Scientific_Innovation\opencv\build\bin\;D:\Scientific_Innovation\opencv\build\x64\vc14\bin\;D:\Install\Software\libav-x86_64-w64-mingw32-11.7\usr\bin;C:\Program Files\ffmpeg-20171204-71421f3-win64-static\bin;C:\WINDOWS\System32\OpenSSH\;C:\Program Files (x86)\NVIDIA Corporation\PhysX\Common;C:\Program Files\NVIDIA Corporation\NVIDIA NvDLISR;C:\WINDOWS\system32;C:\WINDOWS;C:\WINDOWS\System32\Wbem;C:\WINDOWS\System32\WindowsPowerShell\v1.0\;C:\WINDOWS\System32\OpenSSH\;C:\Program Files\Java\jdk-12.0.1\bin;C:\Program Files\TortoiseGit\bin;C:\Program Files (x86)\Google\Chrome\Application;C:\Program Files\Typora\bin;D:\Dev\apache-maven-3.6.3\bin;C:\Program Files\nodejs\;C:\Program Files (x86)\Yarn\bin\;C:\Program Files\dotnet\;C:\Program Files\Git\cmd;C:\Users\DeltaV\AppData\Local\Microsoft\WindowsApps;;C:\Users\DeltaV\AppData\Local\Programs\Microsoft VS Code\bin;C:\Users\DeltaV\AppData\Local\hyper\app-3.0.2\resources\bin;C:\Users\DeltaV\AppData\Roaming\npm;C:\Users\DeltaV\AppData\Local\Yarn\bin;.
java.home=C:\Program Files\Java\jdk1.8.0_241\jre
java.class.path=C:\Program Files\Java\jdk1.8.0_241\jre\lib\charsets.jar;C:\Program Files\Java\jdk1.8.0_241\jre\lib\deploy.jar;C:\Program Files\Java\jdk1.8.0_241\jre\lib\ext\access-bridge-64.jar;C:\Program Files\Java\jdk1.8.0_241\jre\lib\ext\cldrdata.jar;C:\Program Files\Java\jdk1.8.0_241\jre\lib\ext\dnsns.jar;C:\Program Files\Java\jdk1.8.0_241\jre\lib\ext\jaccess.jar;C:\Program Files\Java\jdk1.8.0_241\jre\lib\ext\jfxrt.jar;C:\Program Files\Java\jdk1.8.0_241\jre\lib\ext\localedata.jar;C:\Program Files\Java\jdk1.8.0_241\jre\lib\ext\nashorn.jar;C:\Program Files\Java\jdk1.8.0_241\jre\lib\ext\sunec.jar;C:\Program Files\Java\jdk1.8.0_241\jre\lib\ext\sunjce_provider.jar;C:\Program Files\Java\jdk1.8.0_241\jre\lib\ext\sunmscapi.jar;C:\Program Files\Java\jdk1.8.0_241\jre\lib\ext\sunpkcs11.jar;C:\Program Files\Java\jdk1.8.0_241\jre\lib\ext\zipfs.jar;C:\Program Files\Java\jdk1.8.0_241\jre\lib\javaws.jar;C:\Program Files\Java\jdk1.8.0_241\jre\lib\jce.jar;C:\Program Files\Java\jdk1.8.0_241\jre\lib\jfr.jar;C:\Program Files\Java\jdk1.8.0_241\jre\lib\jfxswt.jar;C:\Program Files\Java\jdk1.8.0_241\jre\lib\jsse.jar;C:\Program Files\Java\jdk1.8.0_241\jre\lib\management-agent.jar;C:\Program Files\Java\jdk1.8.0_241\jre\lib\plugin.jar;C:\Program Files\Java\jdk1.8.0_241\jre\lib\resources.jar;C:\Program Files\Java\jdk1.8.0_241\jre\lib\rt.jar;D:\OneDrive - st.sdju.edu.cn\Learning\34-performance\performance-demo\target\classes;D:\Dev\maven_repository\org\openjdk\jmh\jmh-core\1.34\jmh-core-1.34.jar;D:\Dev\maven_repository\net\sf\jopt-simple\jopt-simple\5.0.4\jopt-simple-5.0.4.jar;D:\Dev\maven_repository\org\apache\commons\commons-math3\3.2\commons-math3-3.2.jar;C:\Users\DeltaV\AppData\Local\JetBrains\Toolbox\apps\IDEA-U\ch-0\213.6777.52\lib\idea_rt.jar
sun.boot.class.path=C:\Program Files\Java\jdk1.8.0_241\jre\lib\resources.jar;C:\Program Files\Java\jdk1.8.0_241\jre\lib\rt.jar;C:\Program Files\Java\jdk1.8.0_241\jre\lib\sunrsasign.jar;C:\Program Files\Java\jdk1.8.0_241\jre\lib\jsse.jar;C:\Program Files\Java\jdk1.8.0_241\jre\lib\jce.jar;C:\Program Files\Java\jdk1.8.0_241\jre\lib\charsets.jar;C:\Program Files\Java\jdk1.8.0_241\jre\lib\jfr.jar;C:\Program Files\Java\jdk1.8.0_241\jre\classes
java.vm.specification.vendor=Oracle Corporation
java.vm.specification.version=1.8
java.vm.vendor=Oracle Corporation
sun.java.command=org.openjdk.jmh.runner.ForkedMain 127.0.0.1 5701
sun.java.launcher=SUN_STANDARD
</properties>
</vm_arguments>
<tty>
<writer thread='20644'/>
<blob name='MethodHandlesAdapterBlob' size='32000'>
<sect index='1' size='32000' free='31628'/>
</blob>
<writer thread='23144'/>
<destroy_vm stamp='1626.002'/>
<tty_done stamp='1626.003'/>
</tty>
<hotspot_log_done stamp='1626.003'/>
</hotspot_log>
